CRITICAL - 2021-01-22 00:46:18 --> Undefined index: cols
#0 D:\xampp7\htdocs\dinkop\vendor\tecnickcom\tcpdf\tcpdf.php(16537): CodeIgniter\Debug\Exceptions->errorHandler(8, 'Undefined index...', 'D:\\xampp7\\htdoc...', 16537, Array)
#1 D:\xampp7\htdocs\dinkop\vendor\tecnickcom\tcpdf\tcpdf.php(17266): TCPDF->getHtmlDomArray('<marker style="...')
#2 D:\xampp7\htdocs\dinkop\app\Controllers\Admin\CetakSPPK.php(28): TCPDF->writeHTML('</td>\r\n        ...', true, false, true, false, '')
#3 D:\xampp7\htdocs\dinkop\vendor\codeigniter4\framework\system\CodeIgniter.php(918): App\Controllers\Admin\CetakSPPK->index('23')
#4 D:\xampp7\htdocs\dinkop\vendor\codeigniter4\framework\system\CodeIgniter.php(404): CodeIgniter\CodeIgniter->runController(Object(App\Controllers\Admin\CetakSPPK))
#5 D:\xampp7\htdocs\dinkop\vendor\codeigniter4\framework\system\CodeIgniter.php(312): CodeIgniter\CodeIgniter->handleRequest(NULL, Object(Config\Cache), false)
#6 D:\xampp7\htdocs\dinkop\public\index.php(45): CodeIgniter\CodeIgniter->run()
#7 {main}
CRITICAL - 2021-01-22 00:51:10 --> Undefined index: cols
#0 D:\xampp7\htdocs\dinkop\vendor\tecnickcom\tcpdf\tcpdf.php(16537): CodeIgniter\Debug\Exceptions->errorHandler(8, 'Undefined index...', 'D:\\xampp7\\htdoc...', 16537, Array)
#1 D:\xampp7\htdocs\dinkop\vendor\tecnickcom\tcpdf\tcpdf.php(17266): TCPDF->getHtmlDomArray('<marker style="...')
#2 D:\xampp7\htdocs\dinkop\app\Controllers\Admin\CetakSPPK.php(28): TCPDF->writeHTML('</td>\r\n        ...', true, false, true, false, '')
#3 D:\xampp7\htdocs\dinkop\vendor\codeigniter4\framework\system\CodeIgniter.php(918): App\Controllers\Admin\CetakSPPK->index('23')
#4 D:\xampp7\htdocs\dinkop\vendor\codeigniter4\framework\system\CodeIgniter.php(404): CodeIgniter\CodeIgniter->runController(Object(App\Controllers\Admin\CetakSPPK))
#5 D:\xampp7\htdocs\dinkop\vendor\codeigniter4\framework\system\CodeIgniter.php(312): CodeIgniter\CodeIgniter->handleRequest(NULL, Object(Config\Cache), false)
#6 D:\xampp7\htdocs\dinkop\public\index.php(45): CodeIgniter\CodeIgniter->run()
#7 {main}
CRITICAL - 2021-01-22 00:52:01 --> Undefined index: cols
#0 D:\xampp7\htdocs\dinkop\vendor\tecnickcom\tcpdf\tcpdf.php(16537): CodeIgniter\Debug\Exceptions->errorHandler(8, 'Undefined index...', 'D:\\xampp7\\htdoc...', 16537, Array)
#1 D:\xampp7\htdocs\dinkop\vendor\tecnickcom\tcpdf\tcpdf.php(17266): TCPDF->getHtmlDomArray('<marker style="...')
#2 D:\xampp7\htdocs\dinkop\app\Controllers\Admin\CetakSPPK.php(28): TCPDF->writeHTML('</td>\r\n        ...', true, false, true, false, '')
#3 D:\xampp7\htdocs\dinkop\vendor\codeigniter4\framework\system\CodeIgniter.php(918): App\Controllers\Admin\CetakSPPK->index('23')
#4 D:\xampp7\htdocs\dinkop\vendor\codeigniter4\framework\system\CodeIgniter.php(404): CodeIgniter\CodeIgniter->runController(Object(App\Controllers\Admin\CetakSPPK))
#5 D:\xampp7\htdocs\dinkop\vendor\codeigniter4\framework\system\CodeIgniter.php(312): CodeIgniter\CodeIgniter->handleRequest(NULL, Object(Config\Cache), false)
#6 D:\xampp7\htdocs\dinkop\public\index.php(45): CodeIgniter\CodeIgniter->run()
#7 {main}
CRITICAL - 2021-01-22 00:52:13 --> Undefined index: cols
#0 D:\xampp7\htdocs\dinkop\vendor\tecnickcom\tcpdf\tcpdf.php(16537): CodeIgniter\Debug\Exceptions->errorHandler(8, 'Undefined index...', 'D:\\xampp7\\htdoc...', 16537, Array)
#1 D:\xampp7\htdocs\dinkop\vendor\tecnickcom\tcpdf\tcpdf.php(17266): TCPDF->getHtmlDomArray('<marker style="...')
#2 D:\xampp7\htdocs\dinkop\app\Controllers\Admin\CetakSPPK.php(28): TCPDF->writeHTML('</td>\r\n        ...', true, false, true, false, '')
#3 D:\xampp7\htdocs\dinkop\vendor\codeigniter4\framework\system\CodeIgniter.php(918): App\Controllers\Admin\CetakSPPK->index('23')
#4 D:\xampp7\htdocs\dinkop\vendor\codeigniter4\framework\system\CodeIgniter.php(404): CodeIgniter\CodeIgniter->runController(Object(App\Controllers\Admin\CetakSPPK))
#5 D:\xampp7\htdocs\dinkop\vendor\codeigniter4\framework\system\CodeIgniter.php(312): CodeIgniter\CodeIgniter->handleRequest(NULL, Object(Config\Cache), false)
#6 D:\xampp7\htdocs\dinkop\public\index.php(45): CodeIgniter\CodeIgniter->run()
#7 {main}
CRITICAL - 2021-01-22 00:52:33 --> Undefined index: cols
#0 D:\xampp7\htdocs\dinkop\vendor\tecnickcom\tcpdf\tcpdf.php(16537): CodeIgniter\Debug\Exceptions->errorHandler(8, 'Undefined index...', 'D:\\xampp7\\htdoc...', 16537, Array)
#1 D:\xampp7\htdocs\dinkop\vendor\tecnickcom\tcpdf\tcpdf.php(17266): TCPDF->getHtmlDomArray('<marker style="...')
#2 D:\xampp7\htdocs\dinkop\app\Controllers\Admin\CetakSPPK.php(28): TCPDF->writeHTML('</td>\r\n        ...', true, false, true, false, '')
#3 D:\xampp7\htdocs\dinkop\vendor\codeigniter4\framework\system\CodeIgniter.php(918): App\Controllers\Admin\CetakSPPK->index('23')
#4 D:\xampp7\htdocs\dinkop\vendor\codeigniter4\framework\system\CodeIgniter.php(404): CodeIgniter\CodeIgniter->runController(Object(App\Controllers\Admin\CetakSPPK))
#5 D:\xampp7\htdocs\dinkop\vendor\codeigniter4\framework\system\CodeIgniter.php(312): CodeIgniter\CodeIgniter->handleRequest(NULL, Object(Config\Cache), false)
#6 D:\xampp7\htdocs\dinkop\public\index.php(45): CodeIgniter\CodeIgniter->run()
#7 {main}
CRITICAL - 2021-01-22 00:52:56 --> Undefined index: rows
#0 D:\xampp7\htdocs\dinkop\vendor\tecnickcom\tcpdf\tcpdf.php(16983): CodeIgniter\Debug\Exceptions->errorHandler(8, 'Undefined index...', 'D:\\xampp7\\htdoc...', 16983, Array)
#1 D:\xampp7\htdocs\dinkop\vendor\tecnickcom\tcpdf\tcpdf.php(17266): TCPDF->getHtmlDomArray('<tr><td style="...')
#2 D:\xampp7\htdocs\dinkop\app\Controllers\Admin\CetakSPPK.php(28): TCPDF->writeHTML('\r\n        <tr>\r...', true, false, true, false, '')
#3 D:\xampp7\htdocs\dinkop\vendor\codeigniter4\framework\system\CodeIgniter.php(918): App\Controllers\Admin\CetakSPPK->index('23')
#4 D:\xampp7\htdocs\dinkop\vendor\codeigniter4\framework\system\CodeIgniter.php(404): CodeIgniter\CodeIgniter->runController(Object(App\Controllers\Admin\CetakSPPK))
#5 D:\xampp7\htdocs\dinkop\vendor\codeigniter4\framework\system\CodeIgniter.php(312): CodeIgniter\CodeIgniter->handleRequest(NULL, Object(Config\Cache), false)
#6 D:\xampp7\htdocs\dinkop\public\index.php(45): CodeIgniter\CodeIgniter->run()
#7 {main}
CRITICAL - 2021-01-22 00:53:27 --> Undefined index: rows
#0 D:\xampp7\htdocs\dinkop\vendor\tecnickcom\tcpdf\tcpdf.php(16983): CodeIgniter\Debug\Exceptions->errorHandler(8, 'Undefined index...', 'D:\\xampp7\\htdoc...', 16983, Array)
#1 D:\xampp7\htdocs\dinkop\vendor\tecnickcom\tcpdf\tcpdf.php(17266): TCPDF->getHtmlDomArray('<tr><td style="...')
#2 D:\xampp7\htdocs\dinkop\app\Controllers\Admin\CetakSPPK.php(28): TCPDF->writeHTML('\r\n        <tr>\r...', true, false, true, false, '')
#3 D:\xampp7\htdocs\dinkop\vendor\codeigniter4\framework\system\CodeIgniter.php(918): App\Controllers\Admin\CetakSPPK->index('23')
#4 D:\xampp7\htdocs\dinkop\vendor\codeigniter4\framework\system\CodeIgniter.php(404): CodeIgniter\CodeIgniter->runController(Object(App\Controllers\Admin\CetakSPPK))
#5 D:\xampp7\htdocs\dinkop\vendor\codeigniter4\framework\system\CodeIgniter.php(312): CodeIgniter\CodeIgniter->handleRequest(NULL, Object(Config\Cache), false)
#6 D:\xampp7\htdocs\dinkop\public\index.php(45): CodeIgniter\CodeIgniter->run()
#7 {main}
CRITICAL - 2021-01-22 00:53:35 --> Undefined index: rows
#0 D:\xampp7\htdocs\dinkop\vendor\tecnickcom\tcpdf\tcpdf.php(16983): CodeIgniter\Debug\Exceptions->errorHandler(8, 'Undefined index...', 'D:\\xampp7\\htdoc...', 16983, Array)
#1 D:\xampp7\htdocs\dinkop\vendor\tecnickcom\tcpdf\tcpdf.php(17266): TCPDF->getHtmlDomArray('<tr><td style="...')
#2 D:\xampp7\htdocs\dinkop\app\Controllers\Admin\CetakSPPK.php(28): TCPDF->writeHTML('\r\n        <tr>\r...', true, false, true, false, '')
#3 D:\xampp7\htdocs\dinkop\vendor\codeigniter4\framework\system\CodeIgniter.php(918): App\Controllers\Admin\CetakSPPK->index('23')
#4 D:\xampp7\htdocs\dinkop\vendor\codeigniter4\framework\system\CodeIgniter.php(404): CodeIgniter\CodeIgniter->runController(Object(App\Controllers\Admin\CetakSPPK))
#5 D:\xampp7\htdocs\dinkop\vendor\codeigniter4\framework\system\CodeIgniter.php(312): CodeIgniter\CodeIgniter->handleRequest(NULL, Object(Config\Cache), false)
#6 D:\xampp7\htdocs\dinkop\public\index.php(45): CodeIgniter\CodeIgniter->run()
#7 {main}
CRITICAL - 2021-01-22 00:54:01 --> Undefined index: rows
#0 D:\xampp7\htdocs\dinkop\vendor\tecnickcom\tcpdf\tcpdf.php(16983): CodeIgniter\Debug\Exceptions->errorHandler(8, 'Undefined index...', 'D:\\xampp7\\htdoc...', 16983, Array)
#1 D:\xampp7\htdocs\dinkop\vendor\tecnickcom\tcpdf\tcpdf.php(17266): TCPDF->getHtmlDomArray('<tr><td style="...')
#2 D:\xampp7\htdocs\dinkop\app\Controllers\Admin\CetakSPPK.php(28): TCPDF->writeHTML('\r\n        <tr>\r...', true, false, true, false, '')
#3 D:\xampp7\htdocs\dinkop\vendor\codeigniter4\framework\system\CodeIgniter.php(918): App\Controllers\Admin\CetakSPPK->index('23')
#4 D:\xampp7\htdocs\dinkop\vendor\codeigniter4\framework\system\CodeIgniter.php(404): CodeIgniter\CodeIgniter->runController(Object(App\Controllers\Admin\CetakSPPK))
#5 D:\xampp7\htdocs\dinkop\vendor\codeigniter4\framework\system\CodeIgniter.php(312): CodeIgniter\CodeIgniter->handleRequest(NULL, Object(Config\Cache), false)
#6 D:\xampp7\htdocs\dinkop\public\index.php(45): CodeIgniter\CodeIgniter->run()
#7 {main}
CRITICAL - 2021-01-22 00:54:04 --> Undefined index: rows
#0 D:\xampp7\htdocs\dinkop\vendor\tecnickcom\tcpdf\tcpdf.php(16983): CodeIgniter\Debug\Exceptions->errorHandler(8, 'Undefined index...', 'D:\\xampp7\\htdoc...', 16983, Array)
#1 D:\xampp7\htdocs\dinkop\vendor\tecnickcom\tcpdf\tcpdf.php(17266): TCPDF->getHtmlDomArray('<tr><td style="...')
#2 D:\xampp7\htdocs\dinkop\app\Controllers\Admin\CetakSPPK.php(28): TCPDF->writeHTML('\r\n        <tr>\r...', true, false, true, false, '')
#3 D:\xampp7\htdocs\dinkop\vendor\codeigniter4\framework\system\CodeIgniter.php(918): App\Controllers\Admin\CetakSPPK->index('23')
#4 D:\xampp7\htdocs\dinkop\vendor\codeigniter4\framework\system\CodeIgniter.php(404): CodeIgniter\CodeIgniter->runController(Object(App\Controllers\Admin\CetakSPPK))
#5 D:\xampp7\htdocs\dinkop\vendor\codeigniter4\framework\system\CodeIgniter.php(312): CodeIgniter\CodeIgniter->handleRequest(NULL, Object(Config\Cache), false)
#6 D:\xampp7\htdocs\dinkop\public\index.php(45): CodeIgniter\CodeIgniter->run()
#7 {main}
CRITICAL - 2021-01-22 00:54:19 --> Undefined index: rows
#0 D:\xampp7\htdocs\dinkop\vendor\tecnickcom\tcpdf\tcpdf.php(16983): CodeIgniter\Debug\Exceptions->errorHandler(8, 'Undefined index...', 'D:\\xampp7\\htdoc...', 16983, Array)
#1 D:\xampp7\htdocs\dinkop\vendor\tecnickcom\tcpdf\tcpdf.php(17266): TCPDF->getHtmlDomArray('<tr><td style="...')
#2 D:\xampp7\htdocs\dinkop\app\Controllers\Admin\CetakSPPK.php(28): TCPDF->writeHTML('\r\n        <tr>\r...', true, false, true, false, '')
#3 D:\xampp7\htdocs\dinkop\vendor\codeigniter4\framework\system\CodeIgniter.php(918): App\Controllers\Admin\CetakSPPK->index('23')
#4 D:\xampp7\htdocs\dinkop\vendor\codeigniter4\framework\system\CodeIgniter.php(404): CodeIgniter\CodeIgniter->runController(Object(App\Controllers\Admin\CetakSPPK))
#5 D:\xampp7\htdocs\dinkop\vendor\codeigniter4\framework\system\CodeIgniter.php(312): CodeIgniter\CodeIgniter->handleRequest(NULL, Object(Config\Cache), false)
#6 D:\xampp7\htdocs\dinkop\public\index.php(45): CodeIgniter\CodeIgniter->run()
#7 {main}
CRITICAL - 2021-01-22 00:58:18 --> syntax error, unexpected '/'
#0 D:\xampp7\htdocs\dinkop\vendor\codeigniter4\framework\system\Router\Router.php(195): CodeIgniter\Router\Router->autoRoute('admin/CetakSPPK...')
#1 D:\xampp7\htdocs\dinkop\vendor\codeigniter4\framework\system\CodeIgniter.php(793): CodeIgniter\Router\Router->handle('admin/CetakSPPK...')
#2 D:\xampp7\htdocs\dinkop\vendor\codeigniter4\framework\system\CodeIgniter.php(364): CodeIgniter\CodeIgniter->tryToRouteIt(Object(CodeIgniter\Router\RouteCollection))
#3 D:\xampp7\htdocs\dinkop\vendor\codeigniter4\framework\system\CodeIgniter.php(312): CodeIgniter\CodeIgniter->handleRequest(NULL, Object(Config\Cache), false)
#4 D:\xampp7\htdocs\dinkop\public\index.php(45): CodeIgniter\CodeIgniter->run()
#5 {main}
CRITICAL - 2021-01-22 00:58:34 --> syntax error, unexpected '/'
#0 D:\xampp7\htdocs\dinkop\vendor\codeigniter4\framework\system\Router\Router.php(195): CodeIgniter\Router\Router->autoRoute('admin/CetakSPPK...')
#1 D:\xampp7\htdocs\dinkop\vendor\codeigniter4\framework\system\CodeIgniter.php(793): CodeIgniter\Router\Router->handle('admin/CetakSPPK...')
#2 D:\xampp7\htdocs\dinkop\vendor\codeigniter4\framework\system\CodeIgniter.php(364): CodeIgniter\CodeIgniter->tryToRouteIt(Object(CodeIgniter\Router\RouteCollection))
#3 D:\xampp7\htdocs\dinkop\vendor\codeigniter4\framework\system\CodeIgniter.php(312): CodeIgniter\CodeIgniter->handleRequest(NULL, Object(Config\Cache), false)
#4 D:\xampp7\htdocs\dinkop\public\index.php(45): CodeIgniter\CodeIgniter->run()
#5 {main}
CRITICAL - 2021-01-22 00:58:36 --> syntax error, unexpected '/'
#0 D:\xampp7\htdocs\dinkop\vendor\codeigniter4\framework\system\Router\Router.php(195): CodeIgniter\Router\Router->autoRoute('admin/CetakSPPK...')
#1 D:\xampp7\htdocs\dinkop\vendor\codeigniter4\framework\system\CodeIgniter.php(793): CodeIgniter\Router\Router->handle('admin/CetakSPPK...')
#2 D:\xampp7\htdocs\dinkop\vendor\codeigniter4\framework\system\CodeIgniter.php(364): CodeIgniter\CodeIgniter->tryToRouteIt(Object(CodeIgniter\Router\RouteCollection))
#3 D:\xampp7\htdocs\dinkop\vendor\codeigniter4\framework\system\CodeIgniter.php(312): CodeIgniter\CodeIgniter->handleRequest(NULL, Object(Config\Cache), false)
#4 D:\xampp7\htdocs\dinkop\public\index.php(45): CodeIgniter\CodeIgniter->run()
#5 {main}
CRITICAL - 2021-01-22 00:58:46 --> Undefined index: rows
#0 D:\xampp7\htdocs\dinkop\vendor\tecnickcom\tcpdf\tcpdf.php(16983): CodeIgniter\Debug\Exceptions->errorHandler(8, 'Undefined index...', 'D:\\xampp7\\htdoc...', 16983, Array)
#1 D:\xampp7\htdocs\dinkop\vendor\tecnickcom\tcpdf\tcpdf.php(17266): TCPDF->getHtmlDomArray('<tr><td style="...')
#2 D:\xampp7\htdocs\dinkop\app\Controllers\Admin\CetakSPPK.php(28): TCPDF->writeHTML('\r\n        <tr>\r...', true, false, true, false, '')
#3 D:\xampp7\htdocs\dinkop\vendor\codeigniter4\framework\system\CodeIgniter.php(918): App\Controllers\Admin\CetakSPPK->index('23')
#4 D:\xampp7\htdocs\dinkop\vendor\codeigniter4\framework\system\CodeIgniter.php(404): CodeIgniter\CodeIgniter->runController(Object(App\Controllers\Admin\CetakSPPK))
#5 D:\xampp7\htdocs\dinkop\vendor\codeigniter4\framework\system\CodeIgniter.php(312): CodeIgniter\CodeIgniter->handleRequest(NULL, Object(Config\Cache), false)
#6 D:\xampp7\htdocs\dinkop\public\index.php(45): CodeIgniter\CodeIgniter->run()
#7 {main}
CRITICAL - 2021-01-22 00:58:49 --> Undefined index: rows
#0 D:\xampp7\htdocs\dinkop\vendor\tecnickcom\tcpdf\tcpdf.php(16983): CodeIgniter\Debug\Exceptions->errorHandler(8, 'Undefined index...', 'D:\\xampp7\\htdoc...', 16983, Array)
#1 D:\xampp7\htdocs\dinkop\vendor\tecnickcom\tcpdf\tcpdf.php(17266): TCPDF->getHtmlDomArray('<tr><td style="...')
#2 D:\xampp7\htdocs\dinkop\app\Controllers\Admin\CetakSPPK.php(28): TCPDF->writeHTML('\r\n        <tr>\r...', true, false, true, false, '')
#3 D:\xampp7\htdocs\dinkop\vendor\codeigniter4\framework\system\CodeIgniter.php(918): App\Controllers\Admin\CetakSPPK->index('23')
#4 D:\xampp7\htdocs\dinkop\vendor\codeigniter4\framework\system\CodeIgniter.php(404): CodeIgniter\CodeIgniter->runController(Object(App\Controllers\Admin\CetakSPPK))
#5 D:\xampp7\htdocs\dinkop\vendor\codeigniter4\framework\system\CodeIgniter.php(312): CodeIgniter\CodeIgniter->handleRequest(NULL, Object(Config\Cache), false)
#6 D:\xampp7\htdocs\dinkop\public\index.php(45): CodeIgniter\CodeIgniter->run()
#7 {main}
CRITICAL - 2021-01-22 00:59:33 --> Undefined index: rows
#0 D:\xampp7\htdocs\dinkop\vendor\tecnickcom\tcpdf\tcpdf.php(16983): CodeIgniter\Debug\Exceptions->errorHandler(8, 'Undefined index...', 'D:\\xampp7\\htdoc...', 16983, Array)
#1 D:\xampp7\htdocs\dinkop\vendor\tecnickcom\tcpdf\tcpdf.php(17266): TCPDF->getHtmlDomArray('<tr><td style="...')
#2 D:\xampp7\htdocs\dinkop\app\Controllers\Admin\CetakSPPK.php(28): TCPDF->writeHTML('\r\n        <tr>\r...', true, false, true, false, '')
#3 D:\xampp7\htdocs\dinkop\vendor\codeigniter4\framework\system\CodeIgniter.php(918): App\Controllers\Admin\CetakSPPK->index('23')
#4 D:\xampp7\htdocs\dinkop\vendor\codeigniter4\framework\system\CodeIgniter.php(404): CodeIgniter\CodeIgniter->runController(Object(App\Controllers\Admin\CetakSPPK))
#5 D:\xampp7\htdocs\dinkop\vendor\codeigniter4\framework\system\CodeIgniter.php(312): CodeIgniter\CodeIgniter->handleRequest(NULL, Object(Config\Cache), false)
#6 D:\xampp7\htdocs\dinkop\public\index.php(45): CodeIgniter\CodeIgniter->run()
#7 {main}
CRITICAL - 2021-01-22 01:01:07 --> Undefined index: thead
#0 D:\xampp7\htdocs\dinkop\vendor\tecnickcom\tcpdf\tcpdf.php(16552): CodeIgniter\Debug\Exceptions->errorHandler(8, 'Undefined index...', 'D:\\xampp7\\htdoc...', 16552, Array)
#1 D:\xampp7\htdocs\dinkop\vendor\tecnickcom\tcpdf\tcpdf.php(17266): TCPDF->getHtmlDomArray('<table style="b...')
#2 D:\xampp7\htdocs\dinkop\app\Controllers\Admin\CetakSPPK.php(29): TCPDF->writeHTML('<table style="b...', true, false, true, false, '')
#3 D:\xampp7\htdocs\dinkop\vendor\codeigniter4\framework\system\CodeIgniter.php(918): App\Controllers\Admin\CetakSPPK->index('23')
#4 D:\xampp7\htdocs\dinkop\vendor\codeigniter4\framework\system\CodeIgniter.php(404): CodeIgniter\CodeIgniter->runController(Object(App\Controllers\Admin\CetakSPPK))
#5 D:\xampp7\htdocs\dinkop\vendor\codeigniter4\framework\system\CodeIgniter.php(312): CodeIgniter\CodeIgniter->handleRequest(NULL, Object(Config\Cache), false)
#6 D:\xampp7\htdocs\dinkop\public\index.php(45): CodeIgniter\CodeIgniter->run()
#7 {main}
CRITICAL - 2021-01-22 01:01:07 --> pg_query(): Query failed: ERROR:  column &quot;assets&quot; does not exist
LINE 13:                                         peng_id = assets
                                                           ^
#0 [internal function]: CodeIgniter\Debug\Exceptions->errorHandler(2, 'pg_query(): Que...', 'D:\\xampp7\\htdoc...', 196, Array)
#1 D:\xampp7\htdocs\dinkop\vendor\codeigniter4\framework\system\Database\Postgre\Connection.php(196): pg_query(Resource id #178, 'SELECT\r\n       ...')
#2 D:\xampp7\htdocs\dinkop\vendor\codeigniter4\framework\system\Database\BaseConnection.php(741): CodeIgniter\Database\Postgre\Connection->execute('SELECT\r\n       ...')
#3 D:\xampp7\htdocs\dinkop\vendor\codeigniter4\framework\system\Database\BaseConnection.php(669): CodeIgniter\Database\BaseConnection->simpleQuery('SELECT\r\n       ...')
#4 D:\xampp7\htdocs\dinkop\app\Controllers\Admin\CetakSPPK.php(50): CodeIgniter\Database\BaseConnection->query('SELECT\r\n       ...')
#5 D:\xampp7\htdocs\dinkop\app\Controllers\Admin\CetakSPPK.php(29): App\Controllers\Admin\CetakSPPK->html_jadwal('assets')
#6 D:\xampp7\htdocs\dinkop\vendor\codeigniter4\framework\system\CodeIgniter.php(918): App\Controllers\Admin\CetakSPPK->index('assets', 'images', 'logo.svg')
#7 D:\xampp7\htdocs\dinkop\vendor\codeigniter4\framework\system\CodeIgniter.php(404): CodeIgniter\CodeIgniter->runController(Object(App\Controllers\Admin\CetakSPPK))
#8 D:\xampp7\htdocs\dinkop\vendor\codeigniter4\framework\system\CodeIgniter.php(312): CodeIgniter\CodeIgniter->handleRequest(NULL, Object(Config\Cache), false)
#9 D:\xampp7\htdocs\dinkop\public\index.php(45): CodeIgniter\CodeIgniter->run()
#10 {main}
CRITICAL - 2021-01-22 01:01:07 --> Uncaught CodeIgniter\Format\Exceptions\FormatException: Failed to parse json string, error: "Type is not supported". in D:\xampp7\htdocs\dinkop\vendor\codeigniter4\framework\system\Format\Exceptions\FormatException.php:9
Stack trace:
#0 D:\xampp7\htdocs\dinkop\vendor\codeigniter4\framework\system\Format\JSONFormatter.php(71): CodeIgniter\Format\Exceptions\FormatException::forInvalidJSON('Type is not sup...')
#1 D:\xampp7\htdocs\dinkop\vendor\codeigniter4\framework\system\API\ResponseTrait.php(414): CodeIgniter\Format\JSONFormatter->format(Array)
#2 D:\xampp7\htdocs\dinkop\vendor\codeigniter4\framework\system\API\ResponseTrait.php(134): CodeIgniter\Debug\Exceptions->format(Array)
#3 D:\xampp7\htdocs\dinkop\vendor\codeigniter4\framework\system\Debug\Exceptions.php(168): CodeIgniter\Debug\Exceptions->respond(Array, 500)
#4 [internal function]: CodeIgniter\Debug\Exceptions->exceptionHandler(Object(ErrorException))
#5 {main}
  thrown
#0 [internal function]: CodeIgniter\Debug\Exceptions->shutdownHandler()
#1 {main}
CRITICAL - 2021-01-22 01:01:10 --> Undefined index: thead
#0 D:\xampp7\htdocs\dinkop\vendor\tecnickcom\tcpdf\tcpdf.php(16552): CodeIgniter\Debug\Exceptions->errorHandler(8, 'Undefined index...', 'D:\\xampp7\\htdoc...', 16552, Array)
#1 D:\xampp7\htdocs\dinkop\vendor\tecnickcom\tcpdf\tcpdf.php(17266): TCPDF->getHtmlDomArray('<table style="b...')
#2 D:\xampp7\htdocs\dinkop\app\Controllers\Admin\CetakSPPK.php(29): TCPDF->writeHTML('<table style="b...', true, false, true, false, '')
#3 D:\xampp7\htdocs\dinkop\vendor\codeigniter4\framework\system\CodeIgniter.php(918): App\Controllers\Admin\CetakSPPK->index('23')
#4 D:\xampp7\htdocs\dinkop\vendor\codeigniter4\framework\system\CodeIgniter.php(404): CodeIgniter\CodeIgniter->runController(Object(App\Controllers\Admin\CetakSPPK))
#5 D:\xampp7\htdocs\dinkop\vendor\codeigniter4\framework\system\CodeIgniter.php(312): CodeIgniter\CodeIgniter->handleRequest(NULL, Object(Config\Cache), false)
#6 D:\xampp7\htdocs\dinkop\public\index.php(45): CodeIgniter\CodeIgniter->run()
#7 {main}
CRITICAL - 2021-01-22 01:01:10 --> pg_query(): Query failed: ERROR:  column &quot;assets&quot; does not exist
LINE 13:                                         peng_id = assets
                                                           ^
#0 [internal function]: CodeIgniter\Debug\Exceptions->errorHandler(2, 'pg_query(): Que...', 'D:\\xampp7\\htdoc...', 196, Array)
#1 D:\xampp7\htdocs\dinkop\vendor\codeigniter4\framework\system\Database\Postgre\Connection.php(196): pg_query(Resource id #178, 'SELECT\r\n       ...')
#2 D:\xampp7\htdocs\dinkop\vendor\codeigniter4\framework\system\Database\BaseConnection.php(741): CodeIgniter\Database\Postgre\Connection->execute('SELECT\r\n       ...')
#3 D:\xampp7\htdocs\dinkop\vendor\codeigniter4\framework\system\Database\BaseConnection.php(669): CodeIgniter\Database\BaseConnection->simpleQuery('SELECT\r\n       ...')
#4 D:\xampp7\htdocs\dinkop\app\Controllers\Admin\CetakSPPK.php(50): CodeIgniter\Database\BaseConnection->query('SELECT\r\n       ...')
#5 D:\xampp7\htdocs\dinkop\app\Controllers\Admin\CetakSPPK.php(29): App\Controllers\Admin\CetakSPPK->html_jadwal('assets')
#6 D:\xampp7\htdocs\dinkop\vendor\codeigniter4\framework\system\CodeIgniter.php(918): App\Controllers\Admin\CetakSPPK->index('assets', 'images', 'logo.svg')
#7 D:\xampp7\htdocs\dinkop\vendor\codeigniter4\framework\system\CodeIgniter.php(404): CodeIgniter\CodeIgniter->runController(Object(App\Controllers\Admin\CetakSPPK))
#8 D:\xampp7\htdocs\dinkop\vendor\codeigniter4\framework\system\CodeIgniter.php(312): CodeIgniter\CodeIgniter->handleRequest(NULL, Object(Config\Cache), false)
#9 D:\xampp7\htdocs\dinkop\public\index.php(45): CodeIgniter\CodeIgniter->run()
#10 {main}
CRITICAL - 2021-01-22 01:01:10 --> Uncaught CodeIgniter\Format\Exceptions\FormatException: Failed to parse json string, error: "Type is not supported". in D:\xampp7\htdocs\dinkop\vendor\codeigniter4\framework\system\Format\Exceptions\FormatException.php:9
Stack trace:
#0 D:\xampp7\htdocs\dinkop\vendor\codeigniter4\framework\system\Format\JSONFormatter.php(71): CodeIgniter\Format\Exceptions\FormatException::forInvalidJSON('Type is not sup...')
#1 D:\xampp7\htdocs\dinkop\vendor\codeigniter4\framework\system\API\ResponseTrait.php(414): CodeIgniter\Format\JSONFormatter->format(Array)
#2 D:\xampp7\htdocs\dinkop\vendor\codeigniter4\framework\system\API\ResponseTrait.php(134): CodeIgniter\Debug\Exceptions->format(Array)
#3 D:\xampp7\htdocs\dinkop\vendor\codeigniter4\framework\system\Debug\Exceptions.php(168): CodeIgniter\Debug\Exceptions->respond(Array, 500)
#4 [internal function]: CodeIgniter\Debug\Exceptions->exceptionHandler(Object(ErrorException))
#5 {main}
  thrown
#0 [internal function]: CodeIgniter\Debug\Exceptions->shutdownHandler()
#1 {main}
CRITICAL - 2021-01-22 01:02:33 --> Undefined variable: html
#0 D:\xampp7\htdocs\dinkop\app\Controllers\Admin\CetakSPPK.php(345): CodeIgniter\Debug\Exceptions->errorHandler(8, 'Undefined varia...', 'D:\\xampp7\\htdoc...', 345, Array)
#1 D:\xampp7\htdocs\dinkop\app\Controllers\Admin\CetakSPPK.php(28): App\Controllers\Admin\CetakSPPK->html_jadwal('23')
#2 D:\xampp7\htdocs\dinkop\vendor\codeigniter4\framework\system\CodeIgniter.php(918): App\Controllers\Admin\CetakSPPK->index('23')
#3 D:\xampp7\htdocs\dinkop\vendor\codeigniter4\framework\system\CodeIgniter.php(404): CodeIgniter\CodeIgniter->runController(Object(App\Controllers\Admin\CetakSPPK))
#4 D:\xampp7\htdocs\dinkop\vendor\codeigniter4\framework\system\CodeIgniter.php(312): CodeIgniter\CodeIgniter->handleRequest(NULL, Object(Config\Cache), false)
#5 D:\xampp7\htdocs\dinkop\public\index.php(45): CodeIgniter\CodeIgniter->run()
#6 {main}
