CRITICAL - 2021-01-29 00:12:16 --> pg_query(): Query failed: ERROR:  relation &quot;ref_modul_akses&quot; does not exist
LINE 4:                                             ref_modul_akses 
                                                    ^
#0 [internal function]: CodeIgniter\Debug\Exceptions->errorHandler(2, 'pg_query(): Que...', 'D:\\xampp7\\htdoc...', 196, Array)
#1 D:\xampp7\htdocs\dinkop\vendor\codeigniter4\framework\system\Database\Postgre\Connection.php(196): pg_query(Resource id #179, 'SELECT\r\n       ...')
#2 D:\xampp7\htdocs\dinkop\vendor\codeigniter4\framework\system\Database\BaseConnection.php(741): CodeIgniter\Database\Postgre\Connection->execute('SELECT\r\n       ...')
#3 D:\xampp7\htdocs\dinkop\vendor\codeigniter4\framework\system\Database\BaseConnection.php(669): CodeIgniter\Database\BaseConnection->simpleQuery('SELECT\r\n       ...')
#4 D:\xampp7\htdocs\dinkop\app\Libraries\Navigation.php(49): CodeIgniter\Database\BaseConnection->query('SELECT\r\n       ...')
#5 D:\xampp7\htdocs\dinkop\app\Filters\LoginFilter.php(21): App\Libraries\Navigation->cek_akses('Admin/Verifikas...')
#6 D:\xampp7\htdocs\dinkop\vendor\codeigniter4\framework\system\Filters\Filters.php(173): App\Filters\LoginFilter->before(Object(CodeIgniter\HTTP\IncomingRequest), NULL)
#7 D:\xampp7\htdocs\dinkop\vendor\codeigniter4\framework\system\CodeIgniter.php(382): CodeIgniter\Filters\Filters->run('admin/verifikas...', 'before')
#8 D:\xampp7\htdocs\dinkop\vendor\codeigniter4\framework\system\CodeIgniter.php(312): CodeIgniter\CodeIgniter->handleRequest(NULL, Object(Config\Cache), false)
#9 D:\xampp7\htdocs\dinkop\public\index.php(45): CodeIgniter\CodeIgniter->run()
#10 {main}
CRITICAL - 2021-01-29 00:31:21 --> pg_query(): Query failed: ERROR:  relation &quot;ref_modul_akses&quot; does not exist
LINE 4:                                             ref_modul_akses 
                                                    ^
#0 [internal function]: CodeIgniter\Debug\Exceptions->errorHandler(2, 'pg_query(): Que...', 'D:\\xampp7\\htdoc...', 196, Array)
#1 D:\xampp7\htdocs\dinkop\vendor\codeigniter4\framework\system\Database\Postgre\Connection.php(196): pg_query(Resource id #179, 'SELECT\r\n       ...')
#2 D:\xampp7\htdocs\dinkop\vendor\codeigniter4\framework\system\Database\BaseConnection.php(741): CodeIgniter\Database\Postgre\Connection->execute('SELECT\r\n       ...')
#3 D:\xampp7\htdocs\dinkop\vendor\codeigniter4\framework\system\Database\BaseConnection.php(669): CodeIgniter\Database\BaseConnection->simpleQuery('SELECT\r\n       ...')
#4 D:\xampp7\htdocs\dinkop\app\Libraries\Navigation.php(49): CodeIgniter\Database\BaseConnection->query('SELECT\r\n       ...')
#5 D:\xampp7\htdocs\dinkop\app\Filters\LoginFilter.php(21): App\Libraries\Navigation->cek_akses('Admin/Verifikas...')
#6 D:\xampp7\htdocs\dinkop\vendor\codeigniter4\framework\system\Filters\Filters.php(173): App\Filters\LoginFilter->before(Object(CodeIgniter\HTTP\IncomingRequest), NULL)
#7 D:\xampp7\htdocs\dinkop\vendor\codeigniter4\framework\system\CodeIgniter.php(382): CodeIgniter\Filters\Filters->run('admin/verifikas...', 'before')
#8 D:\xampp7\htdocs\dinkop\vendor\codeigniter4\framework\system\CodeIgniter.php(312): CodeIgniter\CodeIgniter->handleRequest(NULL, Object(Config\Cache), false)
#9 D:\xampp7\htdocs\dinkop\public\index.php(45): CodeIgniter\CodeIgniter->run()
#10 {main}
