CRITICAL - 2021-01-26 23:42:54 --> syntax error, unexpected ';', expecting ')'
#0 D:\xampp7\htdocs\dinkop\vendor\codeigniter4\framework\system\Router\Router.php(195): CodeIgniter\Router\Router->autoRoute('admin/member')
#1 D:\xampp7\htdocs\dinkop\vendor\codeigniter4\framework\system\CodeIgniter.php(793): CodeIgniter\Router\Router->handle('admin/member')
#2 D:\xampp7\htdocs\dinkop\vendor\codeigniter4\framework\system\CodeIgniter.php(364): CodeIgniter\CodeIgniter->tryToRouteIt(Object(CodeIgniter\Router\RouteCollection))
#3 D:\xampp7\htdocs\dinkop\vendor\codeigniter4\framework\system\CodeIgniter.php(312): CodeIgniter\CodeIgniter->handleRequest(NULL, Object(Config\Cache), false)
#4 D:\xampp7\htdocs\dinkop\public\index.php(45): CodeIgniter\CodeIgniter->run()
#5 {main}
CRITICAL - 2021-01-26 23:43:36 --> pg_query(): Query failed: ERROR:  function lower(boolean) does not exist
LINE 6: ...N PUBLIC.USER ON user_member_id = member_id where lower(memb...
                                                             ^
HINT:  No function matches the given name and argument types. You might need to add explicit type casts.
#0 [internal function]: CodeIgniter\Debug\Exceptions->errorHandler(2, 'pg_query(): Que...', 'D:\\xampp7\\htdoc...', 196, Array)
#1 D:\xampp7\htdocs\dinkop\vendor\codeigniter4\framework\system\Database\Postgre\Connection.php(196): pg_query(Resource id #178, 'SELECT\r\n       ...')
#2 D:\xampp7\htdocs\dinkop\vendor\codeigniter4\framework\system\Database\BaseConnection.php(741): CodeIgniter\Database\Postgre\Connection->execute('SELECT\r\n       ...')
#3 D:\xampp7\htdocs\dinkop\vendor\codeigniter4\framework\system\Database\BaseConnection.php(669): CodeIgniter\Database\BaseConnection->simpleQuery('SELECT\r\n       ...')
#4 D:\xampp7\htdocs\dinkop\app\Libraries\SmartComponent\Datasource.php(75): CodeIgniter\Database\BaseConnection->query('SELECT\r\n       ...')
#5 D:\xampp7\htdocs\dinkop\app\Libraries\SmartComponent\Grid.php(173): App\Libraries\SmartComponent\Datasource->run()
#6 D:\xampp7\htdocs\dinkop\app\Libraries\SmartComponent\Grid.php(128): App\Libraries\SmartComponent\Grid->get_datasource()
#7 D:\xampp7\htdocs\dinkop\app\Controllers\Admin\Member.php(78): App\Libraries\SmartComponent\Grid->output()
#8 D:\xampp7\htdocs\dinkop\vendor\codeigniter4\framework\system\CodeIgniter.php(918): App\Controllers\Admin\Member->grid()
#9 D:\xampp7\htdocs\dinkop\vendor\codeigniter4\framework\system\CodeIgniter.php(404): CodeIgniter\CodeIgniter->runController(Object(App\Controllers\Admin\Member))
#10 D:\xampp7\htdocs\dinkop\vendor\codeigniter4\framework\system\CodeIgniter.php(312): CodeIgniter\CodeIgniter->handleRequest(NULL, Object(Config\Cache), false)
#11 D:\xampp7\htdocs\dinkop\public\index.php(45): CodeIgniter\CodeIgniter->run()
#12 {main}
CRITICAL - 2021-01-26 23:43:36 --> Uncaught CodeIgniter\Format\Exceptions\FormatException: Failed to parse json string, error: "Type is not supported". in D:\xampp7\htdocs\dinkop\vendor\codeigniter4\framework\system\Format\Exceptions\FormatException.php:9
Stack trace:
#0 D:\xampp7\htdocs\dinkop\vendor\codeigniter4\framework\system\Format\JSONFormatter.php(71): CodeIgniter\Format\Exceptions\FormatException::forInvalidJSON('Type is not sup...')
#1 D:\xampp7\htdocs\dinkop\vendor\codeigniter4\framework\system\API\ResponseTrait.php(414): CodeIgniter\Format\JSONFormatter->format(Array)
#2 D:\xampp7\htdocs\dinkop\vendor\codeigniter4\framework\system\API\ResponseTrait.php(134): CodeIgniter\Debug\Exceptions->format(Array)
#3 D:\xampp7\htdocs\dinkop\vendor\codeigniter4\framework\system\Debug\Exceptions.php(168): CodeIgniter\Debug\Exceptions->respond(Array, 500)
#4 [internal function]: CodeIgniter\Debug\Exceptions->exceptionHandler(Object(ErrorException))
#5 {main}
  thrown
#0 [internal function]: CodeIgniter\Debug\Exceptions->shutdownHandler()
#1 {main}
