CRITICAL - 2021-05-27 03:23:06 --> pg_query(): Query failed: ERROR:  relation &quot;ongkir_kota&quot; does not exist
LINE 6:                 from ongkir_kota
                             ^
#0 [internal function]: CodeIgniter\Debug\Exceptions->errorHandler(2, 'pg_query(): Que...', 'D:\\xampp7\\htdoc...', 196, Array)
#1 D:\xampp7\htdocs\dkurir\vendor\codeigniter4\framework\system\Database\Postgre\Connection.php(196): pg_query(Resource id #182, 'select \r\n      ...')
#2 D:\xampp7\htdocs\dkurir\vendor\codeigniter4\framework\system\Database\BaseConnection.php(741): CodeIgniter\Database\Postgre\Connection->execute('select \r\n      ...')
#3 D:\xampp7\htdocs\dkurir\vendor\codeigniter4\framework\system\Database\BaseConnection.php(669): CodeIgniter\Database\BaseConnection->simpleQuery('select \r\n      ...')
#4 D:\xampp7\htdocs\dkurir\app\Libraries\SmartComponent\Datasource.php(75): CodeIgniter\Database\BaseConnection->query('select \r\n      ...')
#5 D:\xampp7\htdocs\dkurir\app\Libraries\SmartComponent\Grid.php(173): App\Libraries\SmartComponent\Datasource->run()
#6 D:\xampp7\htdocs\dkurir\app\Libraries\SmartComponent\Grid.php(128): App\Libraries\SmartComponent\Grid->get_datasource()
#7 D:\xampp7\htdocs\dkurir\app\Controllers\Admin\MatHargaKota.php(70): App\Libraries\SmartComponent\Grid->output()
#8 D:\xampp7\htdocs\dkurir\vendor\codeigniter4\framework\system\CodeIgniter.php(918): App\Controllers\Admin\MatHargaKota->grid()
#9 D:\xampp7\htdocs\dkurir\vendor\codeigniter4\framework\system\CodeIgniter.php(404): CodeIgniter\CodeIgniter->runController(Object(App\Controllers\Admin\MatHargaKota))
#10 D:\xampp7\htdocs\dkurir\vendor\codeigniter4\framework\system\CodeIgniter.php(312): CodeIgniter\CodeIgniter->handleRequest(NULL, Object(Config\Cache), false)
#11 D:\xampp7\htdocs\dkurir\public\index.php(45): CodeIgniter\CodeIgniter->run()
#12 {main}
CRITICAL - 2021-05-27 03:23:07 --> Uncaught CodeIgniter\Format\Exceptions\FormatException: Failed to parse json string, error: "Type is not supported". in D:\xampp7\htdocs\dkurir\vendor\codeigniter4\framework\system\Format\Exceptions\FormatException.php:9
Stack trace:
#0 D:\xampp7\htdocs\dkurir\vendor\codeigniter4\framework\system\Format\JSONFormatter.php(71): CodeIgniter\Format\Exceptions\FormatException::forInvalidJSON('Type is not sup...')
#1 D:\xampp7\htdocs\dkurir\vendor\codeigniter4\framework\system\API\ResponseTrait.php(414): CodeIgniter\Format\JSONFormatter->format(Array)
#2 D:\xampp7\htdocs\dkurir\vendor\codeigniter4\framework\system\API\ResponseTrait.php(134): CodeIgniter\Debug\Exceptions->format(Array)
#3 D:\xampp7\htdocs\dkurir\vendor\codeigniter4\framework\system\Debug\Exceptions.php(168): CodeIgniter\Debug\Exceptions->respond(Array, 500)
#4 [internal function]: CodeIgniter\Debug\Exceptions->exceptionHandler(Object(ErrorException))
#5 {main}
  thrown
#0 [internal function]: CodeIgniter\Debug\Exceptions->shutdownHandler()
#1 {main}
CRITICAL - 2021-05-27 03:23:58 --> pg_query(): Query failed: ERROR:  relation &quot;ongkir_kota&quot; does not exist
LINE 6:                 from ongkir_kota
                             ^
#0 [internal function]: CodeIgniter\Debug\Exceptions->errorHandler(2, 'pg_query(): Que...', 'D:\\xampp7\\htdoc...', 196, Array)
#1 D:\xampp7\htdocs\dkurir\vendor\codeigniter4\framework\system\Database\Postgre\Connection.php(196): pg_query(Resource id #182, 'select \r\n      ...')
#2 D:\xampp7\htdocs\dkurir\vendor\codeigniter4\framework\system\Database\BaseConnection.php(741): CodeIgniter\Database\Postgre\Connection->execute('select \r\n      ...')
#3 D:\xampp7\htdocs\dkurir\vendor\codeigniter4\framework\system\Database\BaseConnection.php(669): CodeIgniter\Database\BaseConnection->simpleQuery('select \r\n      ...')
#4 D:\xampp7\htdocs\dkurir\app\Libraries\SmartComponent\Datasource.php(75): CodeIgniter\Database\BaseConnection->query('select \r\n      ...')
#5 D:\xampp7\htdocs\dkurir\app\Libraries\SmartComponent\Grid.php(173): App\Libraries\SmartComponent\Datasource->run()
#6 D:\xampp7\htdocs\dkurir\app\Libraries\SmartComponent\Grid.php(128): App\Libraries\SmartComponent\Grid->get_datasource()
#7 D:\xampp7\htdocs\dkurir\app\Controllers\Admin\MatHargaKota.php(70): App\Libraries\SmartComponent\Grid->output()
#8 D:\xampp7\htdocs\dkurir\vendor\codeigniter4\framework\system\CodeIgniter.php(918): App\Controllers\Admin\MatHargaKota->grid()
#9 D:\xampp7\htdocs\dkurir\vendor\codeigniter4\framework\system\CodeIgniter.php(404): CodeIgniter\CodeIgniter->runController(Object(App\Controllers\Admin\MatHargaKota))
#10 D:\xampp7\htdocs\dkurir\vendor\codeigniter4\framework\system\CodeIgniter.php(312): CodeIgniter\CodeIgniter->handleRequest(NULL, Object(Config\Cache), false)
#11 D:\xampp7\htdocs\dkurir\public\index.php(45): CodeIgniter\CodeIgniter->run()
#12 {main}
CRITICAL - 2021-05-27 03:23:58 --> Uncaught CodeIgniter\Format\Exceptions\FormatException: Failed to parse json string, error: "Type is not supported". in D:\xampp7\htdocs\dkurir\vendor\codeigniter4\framework\system\Format\Exceptions\FormatException.php:9
Stack trace:
#0 D:\xampp7\htdocs\dkurir\vendor\codeigniter4\framework\system\Format\JSONFormatter.php(71): CodeIgniter\Format\Exceptions\FormatException::forInvalidJSON('Type is not sup...')
#1 D:\xampp7\htdocs\dkurir\vendor\codeigniter4\framework\system\API\ResponseTrait.php(414): CodeIgniter\Format\JSONFormatter->format(Array)
#2 D:\xampp7\htdocs\dkurir\vendor\codeigniter4\framework\system\API\ResponseTrait.php(134): CodeIgniter\Debug\Exceptions->format(Array)
#3 D:\xampp7\htdocs\dkurir\vendor\codeigniter4\framework\system\Debug\Exceptions.php(168): CodeIgniter\Debug\Exceptions->respond(Array, 500)
#4 [internal function]: CodeIgniter\Debug\Exceptions->exceptionHandler(Object(ErrorException))
#5 {main}
  thrown
#0 [internal function]: CodeIgniter\Debug\Exceptions->shutdownHandler()
#1 {main}
